<?xml version="1.0" encoding="UTF-8"?>
<!-- Generated by org.testng.reporters.JUnitXMLReporter -->
<testsuite ignored="1" hostname="WELCOME" failures="0" tests="1" name="Default test" time="0.235" errors="0" timestamp="2022-02-10T21:21:14 IST">
  <testcase classname="com.automation.tests.MyTestngClass" name="myTestCase1" time="0.038"/>
  <testcase classname="com.automation.tests.MyTestngClass" name="myTestCase2" time="0.0">
    <ignored/>
  </testcase> <!-- myTestCase2 -->
</testsuite> <!-- Default test -->
