<?xml version="1.0" encoding="UTF-8"?>
<testng-results ignored="0" total="1" passed="1" failed="0" skipped="0">
  <reporter-output>
  </reporter-output>
  <suite started-at="2022-02-10T17:16:59 IST" name="Default suite" finished-at="2022-02-10T17:17:10 IST" duration-ms="10368">
    <groups>
    </groups>
    <test started-at="2022-02-10T17:16:59 IST" name="Default test" finished-at="2022-02-10T17:17:10 IST" duration-ms="10368">
      <class name="com.exceptionhandling.ExceptionHandlingPractice">
        <test-method signature="myFirstTest()[pri:0, instance:com.exceptionhandling.ExceptionHandlingPractice@87a85e1]" started-at="2022-02-10T17:16:59 IST" name="myFirstTest" finished-at="2022-02-10T17:17:10 IST" duration-ms="10295" status="PASS">
          <reporter-output>
          </reporter-output>
        </test-method> <!-- myFirstTest -->
      </class> <!-- com.exceptionhandling.ExceptionHandlingPractice -->
    </test> <!-- Default test -->
  </suite> <!-- Default suite -->
</testng-results>
