<?xml version="1.0" encoding="UTF-8"?>
<testng-results ignored="0" total="1" passed="1" failed="0" skipped="0">
  <reporter-output>
  </reporter-output>
  <suite started-at="2022-02-07T09:56:29 IST" name="Default suite" finished-at="2022-02-07T09:56:29 IST" duration-ms="87">
    <groups>
    </groups>
    <test started-at="2022-02-07T09:56:29 IST" name="Default test" finished-at="2022-02-07T09:56:29 IST" duration-ms="87">
      <class name="com.oops.collections.PracticeSetCollectionStudentDetails">
        <test-method signature="myStudentDetails()[pri:0, instance:com.oops.collections.PracticeSetCollectionStudentDetails@87a85e1]" started-at="2022-02-07T09:56:29 IST" name="myStudentDetails" finished-at="2022-02-07T09:56:29 IST" duration-ms="18" status="PASS">
          <reporter-output>
          </reporter-output>
        </test-method> <!-- myStudentDetails -->
      </class> <!-- com.oops.collections.PracticeSetCollectionStudentDetails -->
    </test> <!-- Default test -->
  </suite> <!-- Default suite -->
</testng-results>
